
> web@0.1.0 build /home/dracarys/Documents/projects/fullstack/devroast/apps/web
> next build

▲ Next.js 16.2.0 (Turbopack)
- Experiments (use with caution):
  ✓ useCache

  Creating an optimized production build ...
✓ Compiled successfully in 2.5s
  Running TypeScript ...
  Finished TypeScript in 2.1s ...
  Collecting page data using 7 workers ...
  Generating static pages using 7 workers (0/5) ...
  Generating static pages using 7 workers (1/5) 
  Generating static pages using 7 workers (2/5) 
  Generating static pages using 7 workers (3/5) 
✓ Generating static pages using 7 workers (5/5) in 626ms
  Finalizing page optimization ...

Route (app)       Revalidate  Expire
┌ ○ /
├ ○ /_not-found
├ ○ /components          15m      1y
├ ○ /leaderboard         15m      1y
└ ƒ /roast/[id]


○  (Static)   prerendered as static content
ƒ  (Dynamic)  server-rendered on demand

